<?xml version="1.0" encoding="UTF-8"?>
<!-- Generated by org.testng.reporters.JUnitReportReporter -->
<testsuite hostname="MFCLT9J28003" failures="0" tests="3" name="Automation.Tests.standalonetestPOMmodified" time="35.899" errors="0" timestamp="2023-04-03T06:59:09 IST" skipped="0">
  <testcase classname="Automation.Tests.standalonetestPOMmodified" name="standalone" time="28.585"/>
  <system-out/>
  <testcase classname="Automation.Tests.standalonetestPOMmodified" name="orderhistory" time="4.212"/>
  <system-out/>
  <testcase classname="Automation.Tests.standalonetestPOMmodified" name="orderhistory" time="3.102"/>
  <system-out/>
</testsuite> <!-- Automation.Tests.standalonetestPOMmodified -->
