<?xml version="1.0" encoding="UTF-8"?>
<!-- Generated by org.testng.reporters.JUnitReportReporter -->
<testsuite hostname="MFCLT9J28003" failures="0" tests="1" name="Automation.Tests.standalonetestPOM" time="12.272" errors="0" timestamp="2023-04-04T15:26:25 IST" skipped="0">
  <testcase classname="Automation.Tests.standalonetestPOM" name="standalone" time="12.272"/>
  <system-out/>
</testsuite> <!-- Automation.Tests.standalonetestPOM -->
