<?xml version="1.0" encoding="UTF-8"?>
<!-- Generated by org.testng.reporters.JUnitReportReporter -->
<testsuite hostname="MFCLT9J28003" failures="0" tests="1" name="Automation.cucumber.TestNGTestRunner" time="8.291" errors="0" timestamp="2023-04-04T11:27:24 IST" skipped="0">
  <testcase classname="Automation.cucumber.TestNGTestRunner" name="runScenario" time="8.291"/>
  <system-out/>
</testsuite> <!-- Automation.cucumber.TestNGTestRunner -->
