<?xml version="1.0" encoding="UTF-8"?>
<!-- Generated by org.testng.reporters.JUnitReportReporter -->
<testsuite hostname="MFCLT9J28003" failures="0" tests="2" name="Automation.Tests.errorvalidation" time="45.055" errors="0" timestamp="2023-04-04T15:26:25 IST" skipped="0">
  <testcase classname="Automation.Tests.errorvalidation" name="loginerrorvalidation" time="9.936"/>
  <system-out/>
  <testcase classname="Automation.Tests.errorvalidation" name="producterrorvalidation" time="35.119"/>
  <system-out/>
</testsuite> <!-- Automation.Tests.errorvalidation -->
