<?xml version="1.0" encoding="UTF-8"?>
<!-- Generated by org.testng.reporters.JUnitReportReporter -->
<testsuite hostname="MFCLT9J28003" failures="0" tests="3" name="Automation.Tests.standalonetestPOMmodified" time="50.219" errors="0" timestamp="2023-03-18T07:31:05 IST" skipped="0">
  <testcase classname="Automation.Tests.standalonetestPOMmodified" name="orderhistory" time="10.038"/>
  <system-out/>
  <testcase classname="Automation.Tests.standalonetestPOMmodified" name="orderhistory" time="9.159"/>
  <system-out/>
  <testcase classname="Automation.Tests.standalonetestPOMmodified" name="standalone" time="31.022"/>
  <system-out/>
</testsuite> <!-- Automation.Tests.standalonetestPOMmodified -->
