<?xml version="1.0" encoding="UTF-8"?>
<!-- Generated by org.testng.reporters.JUnitReportReporter -->
<testsuite hostname="MFCLT9J28003" failures="0" tests="1" name="Automation.Tests.standalonetestPOM" time="64.205" errors="0" timestamp="2023-03-17T15:35:04 IST" skipped="0">
  <testcase classname="Automation.Tests.standalonetestPOM" name="standalone" time="64.205"/>
  <system-out/>
</testsuite> <!-- Automation.Tests.standalonetestPOM -->
