<?xml version="1.0" encoding="UTF-8"?>
<!-- Generated by org.testng.reporters.JUnitReportReporter -->
<testsuite hostname="MFCLT9J28003" failures="0" tests="1" name="Automation.Tests.errorvalidation" time="22.078" errors="0" timestamp="2023-04-04T12:47:17 IST" skipped="0">
  <testcase classname="Automation.Tests.errorvalidation" name="loginerrorvalidation" time="22.078"/>
  <system-out/>
</testsuite> <!-- Automation.Tests.errorvalidation -->
